[debug] [2021-10-19T18:27:58.664Z] ----------------------------------------------------------------------
[debug] [2021-10-19T18:27:58.667Z] Command:       C:\Program Files\nodejs\node.exe C:\Users\joshu\AppData\Roaming\npm\node_modules\firebase-tools\lib\bin\firebase.js init hosting
[debug] [2021-10-19T18:27:58.668Z] CLI Version:   9.20.0
[debug] [2021-10-19T18:27:58.668Z] Platform:      win32
[debug] [2021-10-19T18:27:58.668Z] Node Version:  v14.17.0
[debug] [2021-10-19T18:27:58.669Z] Time:          Tue Oct 19 2021 13:27:58 GMT-0500 (Central Daylight Time)
[debug] [2021-10-19T18:27:58.670Z] ----------------------------------------------------------------------
[debug] 
[debug] [2021-10-19T18:27:58.681Z] > command requires scopes: ["email","openid","https://www.googleapis.com/auth/cloudplatformprojects.readonly","https://www.googleapis.com/auth/firebase","https://www.googleapis.com/auth/cloud-platform"]
[debug] [2021-10-19T18:27:58.681Z] > authorizing via signed-in user (joshuahonguyen@gmail.com)
[info] 
     ######## #### ########  ######## ########     ###     ######  ########
     ##        ##  ##     ## ##       ##     ##  ##   ##  ##       ##
     ######    ##  ########  ######   ########  #########  ######  ######
     ##        ##  ##    ##  ##       ##     ## ##     ##       ## ##
     ##       #### ##     ## ######## ########  ##     ##  ######  ########

You're about to initialize a Firebase project in this directory:

  C:\Users\joshu\Desktop\projects\unfinished\joshuahonguyen.com2\client

[info] 
=== Project Setup
[info] 
[info] First, let's associate this project directory with a Firebase project.
[info] You can create multiple project aliases by running firebase use --add, 
[info] but for now we'll just set up a default project.
[info] 
[debug] [2021-10-19T18:28:17.543Z] > refreshing access token with scopes: []
[debug] [2021-10-19T18:28:17.544Z] >>> HTTP REQUEST POST https://www.googleapis.com/oauth2/v3/token  
 <request body omitted>
[debug] [2021-10-19T18:28:17.676Z] <<< HTTP RESPONSE 200 {"cache-control":"no-cache, no-store, max-age=0, must-revalidate","pragma":"no-cache","expires":"Mon, 01 Jan 1990 00:00:00 GMT","date":"Tue, 19 Oct 2021 18:28:16 GMT","content-type":"application/json; charset=utf-8","vary":"X-Origin, Referer, Origin,Accept-Encoding","server":"scaffolding on HTTPServer2","x-xss-protection":"0","x-frame-options":"SAMEORIGIN","x-content-type-options":"nosniff","alt-svc":"h3=\":443\"; ma=2592000,h3-29=\":443\"; ma=2592000,h3-T051=\":443\"; ma=2592000,h3-Q050=\":443\"; ma=2592000,h3-Q046=\":443\"; ma=2592000,h3-Q043=\":443\"; ma=2592000,quic=\":443\"; ma=2592000; v=\"46,43\"","accept-ranges":"none","transfer-encoding":"chunked"}
[debug] [2021-10-19T18:28:17.697Z] >>> [apiv2][query] GET https://firebase.googleapis.com/v1beta1/projects pageSize=100
[debug] [2021-10-19T18:28:17.934Z] <<< [apiv2][status] GET https://firebase.googleapis.com/v1beta1/projects 200
[debug] [2021-10-19T18:28:17.935Z] <<< [apiv2][body] GET https://firebase.googleapis.com/v1beta1/projects [omitted]
[info] i  Using project joshuahonguyen-personalwebsite (joshuahonguyen-websites) 
[info] 
=== Hosting Setup
[info] 
[info] Your public directory is the folder (relative to your project directory) that
[info] will contain Hosting assets to be uploaded with firebase deploy. If you
[info] have a build process for your assets, use your build's output directory.
[info] 
[debug] [2021-10-19T18:29:25.101Z] ----------------------------------------------------------------------
[debug] [2021-10-19T18:29:25.105Z] Command:       C:\Program Files\nodejs\node.exe C:\Users\joshu\AppData\Roaming\npm\node_modules\firebase-tools\lib\bin\firebase.js init hosting
[debug] [2021-10-19T18:29:25.105Z] CLI Version:   9.20.0
[debug] [2021-10-19T18:29:25.105Z] Platform:      win32
[debug] [2021-10-19T18:29:25.105Z] Node Version:  v14.17.0
[debug] [2021-10-19T18:29:25.107Z] Time:          Tue Oct 19 2021 13:29:25 GMT-0500 (Central Daylight Time)
[debug] [2021-10-19T18:29:25.107Z] ----------------------------------------------------------------------
[debug] 
[debug] [2021-10-19T18:29:25.118Z] > command requires scopes: ["email","openid","https://www.googleapis.com/auth/cloudplatformprojects.readonly","https://www.googleapis.com/auth/firebase","https://www.googleapis.com/auth/cloud-platform"]
[debug] [2021-10-19T18:29:25.118Z] > authorizing via signed-in user (joshuahonguyen@gmail.com)
[info] 
     ######## #### ########  ######## ########     ###     ######  ########
     ##        ##  ##     ## ##       ##     ##  ##   ##  ##       ##
     ######    ##  ########  ######   ########  #########  ######  ######
     ##        ##  ##    ##  ##       ##     ## ##     ##       ## ##
     ##       #### ##     ## ######## ########  ##     ##  ######  ########

You're about to initialize a Firebase project in this directory:

  C:\Users\joshu\Desktop\projects\unfinished\joshuahonguyen.com2\client

[info] 
=== Project Setup
[info] 
[info] First, let's associate this project directory with a Firebase project.
[info] You can create multiple project aliases by running firebase use --add, 
[info] but for now we'll just set up a default project.
[info] 
[debug] [2021-10-19T18:29:28.114Z] >>> [apiv2][query] GET https://firebase.googleapis.com/v1beta1/projects pageSize=100
[debug] [2021-10-19T18:29:28.425Z] <<< [apiv2][status] GET https://firebase.googleapis.com/v1beta1/projects 200
[debug] [2021-10-19T18:29:28.426Z] <<< [apiv2][body] GET https://firebase.googleapis.com/v1beta1/projects [omitted]
[info] i  Using project joshuahonguyen-personalwebsite (joshuahonguyen-websites) 
[info] 
=== Hosting Setup
[info] 
[info] Your public directory is the folder (relative to your project directory) that
[info] will contain Hosting assets to be uploaded with firebase deploy. If you
[info] have a build process for your assets, use your build's output directory.
[info] 
[info] +  Wrote public/404.html 
[debug] [2021-10-19T18:30:34.190Z] >>> [apiv2][query] GET https://www.gstatic.com/firebasejs/releases.json [none]
[debug] [2021-10-19T18:30:34.265Z] <<< [apiv2][status] GET https://www.gstatic.com/firebasejs/releases.json 200
[debug] [2021-10-19T18:30:34.265Z] <<< [apiv2][body] GET https://www.gstatic.com/firebasejs/releases.json {"current":{"version":"9.1.3","browserURL":"https://www.gstatic.com/firebasejs/9.1.3/firebase.js","packageURL":"https://www.gstatic.com/firebasejs/9.1.3/firebase.tgz"},"live":{"version":"9.1","browserURL":"https://www.gstatic.com/firebasejs/live/9.1/firebase.js","packageURL":"https://www.gstatic.com/firebasejs/live/9.1/firebase.tgz"},"components":{"analytics":"https://www.gstatic.com/firebasejs/9.1.3/firebase-analytics.js","app":"https://www.gstatic.com/firebasejs/9.1.3/firebase-app.js","app-check":"https://www.gstatic.com/firebasejs/9.1.3/firebase-app-check.js","auth":"https://www.gstatic.com/firebasejs/9.1.3/firebase-auth.js","auth/cordova":"https://www.gstatic.com/firebasejs/9.1.3/firebase-auth/cordova.js","auth/react-native":"https://www.gstatic.com/firebasejs/9.1.3/firebase-auth/react-native.js","functions":"https://www.gstatic.com/firebasejs/9.1.3/firebase-functions.js","firestore":"https://www.gstatic.com/firebasejs/9.1.3/firebase-firestore.js","firestore/lite":"https://www.gstatic.com/firebasejs/9.1.3/firebase-firestore/lite.js","storage":"https://www.gstatic.com/firebasejs/9.1.3/firebase-storage.js","performance":"https://www.gstatic.com/firebasejs/9.1.3/firebase-performance.js","remote-config":"https://www.gstatic.com/firebasejs/9.1.3/firebase-remote-config.js","messaging":"https://www.gstatic.com/firebasejs/9.1.3/firebase-messaging.js","messaging/sw":"https://www.gstatic.com/firebasejs/9.1.3/firebase-messaging/sw.js","database":"https://www.gstatic.com/firebasejs/9.1.3/firebase-database.js","firestore.memory":"https://www.gstatic.com/firebasejs/9.1.3/firebase-firestore.memory.js"}}
[info] i  Skipping write of public/index.html 
[info] 
[info] i  Detected a .git folder at C:\Users\joshu\Desktop\projects\unfinished\joshuahonguyen.com2\client 
[info] i  Authorizing with GitHub to upload your service account to a GitHub repository's secrets store. 
[info] 
[info] Visit this URL on this device to log in:
[info] https://github.com/login/oauth/authorize?client_id=89cf50f02ac6aaed3484&state=971288019&redirect_uri=http%3A%2F%2Flocalhost%3A9005&scope=read%3Auser%20repo%20public_repo
[info] 
[info] Waiting for authentication...
[debug] [2021-10-19T18:30:43.239Z] >>> HTTP REQUEST POST https://github.com/login/oauth/access_token  
 {"client_id":"89cf50f02ac6aaed3484","client_secret":"3330d14abc895d9a74d5f17cd7a00711fa2c5bf0","code":"192d0bdc1db6d9871c33","redirect_uri":"http://localhost:9005","state":"971288019"}
[debug] [2021-10-19T18:30:43.470Z] <<< HTTP RESPONSE 200 {"server":"GitHub.com","date":"Tue, 19 Oct 2021 18:30:42 GMT","content-type":"application/json; charset=utf-8","transfer-encoding":"chunked","vary":"X-PJAX, X-PJAX-Container, Accept-Encoding, Accept, X-Requested-With","permissions-policy":"interest-cohort=()","etag":"W/\"2c591b4f1bda0809fa4480dd639f6b2e\"","cache-control":"max-age=0, private, must-revalidate","strict-transport-security":"max-age=31536000; includeSubdomains; preload","x-frame-options":"deny","x-content-type-options":"nosniff","x-xss-protection":"0","referrer-policy":"origin-when-cross-origin, strict-origin-when-cross-origin","expect-ct":"max-age=2592000, report-uri=\"https://api.github.com/_private/browser/errors\"","content-security-policy":"default-src 'none'; base-uri 'self'; block-all-mixed-content; child-src github.com/assets-cdn/worker/ gist.github.com/assets-cdn/worker/; connect-src 'self' uploads.github.com objects-origin.githubusercontent.com www.githubstatus.com collector.githubapp.com api.github.com github-cloud.s3.amazonaws.com github-production-repository-file-5c1aeb.s3.amazonaws.com github-production-upload-manifest-file-7fdce7.s3.amazonaws.com github-production-user-asset-6210df.s3.amazonaws.com cdn.optimizely.com logx.optimizely.com/v1/events translator.github.com wss://alive.github.com; font-src github.githubassets.com; form-action 'self' github.com gist.github.com objects-origin.githubusercontent.com; frame-ancestors 'none'; frame-src render.githubusercontent.com viewscreen.githubusercontent.com; img-src 'self' data: github.githubassets.com identicons.github.com collector.githubapp.com github-cloud.s3.amazonaws.com secured-user-images.githubusercontent.com/ *.githubusercontent.com; manifest-src 'self'; media-src github.com user-images.githubusercontent.com/; script-src github.githubassets.com; style-src 'unsafe-inline' github.githubassets.com; worker-src github.com/assets-cdn/worker/ gist.github.com/assets-cdn/worker/","x-github-request-id":"DE3E:1EA7:4D20E:98695:616F0ED2"}
[debug] [2021-10-19T18:30:43.474Z] >>> [apiv2][query] GET https://api.github.com/user [none]
[debug] [2021-10-19T18:30:43.725Z] <<< [apiv2][status] GET https://api.github.com/user 200
[debug] [2021-10-19T18:30:43.725Z] <<< [apiv2][body] GET https://api.github.com/user {"login":"joshtheprogrammer","id":67887922,"node_id":"MDQ6VXNlcjY3ODg3OTIy","avatar_url":"https://avatars.githubusercontent.com/u/67887922?v=4","gravatar_id":"","url":"https://api.github.com/users/joshtheprogrammer","html_url":"https://github.com/joshtheprogrammer","followers_url":"https://api.github.com/users/joshtheprogrammer/followers","following_url":"https://api.github.com/users/joshtheprogrammer/following{/other_user}","gists_url":"https://api.github.com/users/joshtheprogrammer/gists{/gist_id}","starred_url":"https://api.github.com/users/joshtheprogrammer/starred{/owner}{/repo}","subscriptions_url":"https://api.github.com/users/joshtheprogrammer/subscriptions","organizations_url":"https://api.github.com/users/joshtheprogrammer/orgs","repos_url":"https://api.github.com/users/joshtheprogrammer/repos","events_url":"https://api.github.com/users/joshtheprogrammer/events{/privacy}","received_events_url":"https://api.github.com/users/joshtheprogrammer/received_events","type":"User","site_admin":false,"name":"Joshua Ho Nguyen","company":null,"blog":"","location":"Texas","email":null,"hireable":null,"bio":null,"twitter_username":"joshuahonguyen","public_repos":1,"public_gists":0,"followers":3,"following":8,"created_at":"2020-07-06T04:04:06Z","updated_at":"2021-10-19T16:52:16Z","private_gists":0,"total_private_repos":24,"owned_private_repos":24,"disk_usage":72358,"collaborators":1,"two_factor_authentication":false,"plan":{"name":"free","space":976562499,"collaborators":0,"private_repos":10000}}
[info] 
[info] +  Success! Logged into GitHub as joshtheprogrammer 
[info] 
